<?xml version="1.0" encoding="UTF-8"?>
<!-- Generated by org.testng.reporters.JUnitReportReporter -->
<testsuite skipped="0" hostname="LAPTOP-JPK5SJ4V" name="org.day3.day3test" tests="4" failures="0" timestamp="20 Jun 2024 11:13:26 GMT" time="10.672" errors="0">
  <testcase name="test2" time="3.100" classname="org.day3.day3test"/>
  <testcase name="test2" time="2.413" classname="org.day3.day3test"/>
  <testcase name="test1" time="2.243" classname="org.day3.day3test"/>
  <testcase name="test2" time="2.916" classname="org.day3.day3test"/>
</testsuite> <!-- org.day3.day3test -->
