<?xml version="1.0" encoding="UTF-8"?>
<!-- Generated by org.testng.reporters.JUnitReportReporter -->
<testsuite skipped="0" hostname="LAPTOP-JPK5SJ4V" name="org.day5.B" tests="1" failures="0" timestamp="06 Mar 2024 12:45:00 GMT" time="5.364" errors="0">
  <testcase name="test1" time="5.364" classname="org.day5.B"/>
</testsuite> <!-- org.day5.B -->
