<?xml version="1.0" encoding="UTF-8"?>
<!-- Generated by org.testng.reporters.JUnitReportReporter -->
<testsuite skipped="0" hostname="LAPTOP-JPK5SJ4V" name="org.casualtest.radioButtons" tests="1" failures="0" timestamp="02 Jul 2024 12:42:25 GMT" time="5.702" errors="0">
  <testcase name="radiobuttons" time="5.702" classname="org.casualtest.radioButtons"/>
</testsuite> <!-- org.casualtest.radioButtons -->
