<?xml version="1.0" encoding="UTF-8"?>
<!-- Generated by org.testng.reporters.JUnitReportReporter -->
<testsuite skipped="0" hostname="LAPTOP-JPK5SJ4V" name="org.casualtest.buttons" tests="1" failures="0" timestamp="28 Jun 2024 11:56:01 GMT" time="6.904" errors="0">
  <testcase name="test" time="6.904" classname="org.casualtest.buttons"/>
</testsuite> <!-- org.casualtest.buttons -->
