<?xml version="1.0" encoding="UTF-8"?>
<!-- Generated by org.testng.reporters.JUnitReportReporter -->
<testsuite skipped="0" hostname="LAPTOP-JPK5SJ4V" name="org.testing.flipkarttask2" tests="1" failures="0" timestamp="17 Mar 2024 05:10:24 GMT" time="8.344" errors="0">
  <testcase name="test1" time="8.344" classname="org.testing.flipkarttask2"/>
</testsuite> <!-- org.testing.flipkarttask2 -->
