<?xml version="1.0" encoding="UTF-8"?>
<!-- Generated by org.testng.reporters.JUnitReportReporter -->
<testsuite skipped="0" hostname="LAPTOP-JPK5SJ4V" name="org.casualtest.Windowss" tests="1" failures="0" timestamp="03 Jul 2024 07:30:30 GMT" time="10.240" errors="0">
  <testcase name="windowshandling" time="10.240" classname="org.casualtest.Windowss"/>
</testsuite> <!-- org.casualtest.Windowss -->
