<?xml version="1.0" encoding="UTF-8"?>
<!-- Generated by org.testng.reporters.JUnitReportReporter -->
<testsuite skipped="0" hostname="LAPTOP-JPK5SJ4V" name="org.day2.day2test" tests="4" failures="0" timestamp="28 Jun 2024 08:13:01 GMT" time="19.893" errors="0">
  <testcase name="test2" time="2.260" classname="org.day2.day2test"/>
  <testcase name="test1" time="0.798" classname="org.day2.day2test"/>
  <testcase name="test1" time="0.821" classname="org.day2.day2test"/>
  <testcase name="test1" time="16.014" classname="org.day2.day2test"/>
</testsuite> <!-- org.day2.day2test -->
