<?xml version="1.0" encoding="UTF-8"?>
<!-- Generated by org.testng.reporters.JUnitReportReporter -->
<testsuite skipped="0" hostname="LAPTOP-JPK5SJ4V" name="org.day5.A" tests="3" failures="0" timestamp="06 Mar 2024 12:45:00 GMT" time="17.576" errors="0">
  <testcase name="test6" time="5.389" classname="org.day5.A"/>
  <testcase name="test1" time="6.557" classname="org.day5.A"/>
  <testcase name="test4" time="5.630" classname="org.day5.A"/>
</testsuite> <!-- org.day5.A -->
