<?xml version="1.0" encoding="UTF-8"?>
<!-- Generated by org.testng.reporters.JUnitReportReporter -->
<testsuite skipped="0" hostname="LAPTOP-JPK5SJ4V" name="org.casualtest.input" tests="1" failures="0" timestamp="12 Jul 2024 06:45:17 GMT" time="13.014" errors="0">
  <testcase name="test" time="13.014" classname="org.casualtest.input"/>
</testsuite> <!-- org.casualtest.input -->
