<?xml version="1.0" encoding="UTF-8"?>
<!-- Generated by org.testng.reporters.JUnitReportReporter -->
<testsuite skipped="0" hostname="LAPTOP-JPK5SJ4V" name="org.casualtest.Framess" tests="1" failures="0" timestamp="29 Jun 2024 08:24:07 GMT" time="5.771" errors="0">
  <testcase name="framessss" time="5.771" classname="org.casualtest.Framess"/>
</testsuite> <!-- org.casualtest.Framess -->
