<?xml version="1.0" encoding="UTF-8"?>
<!-- Generated by org.testng.reporters.JUnitReportReporter -->
<testsuite skipped="0" hostname="LAPTOP-JPK5SJ4V" name="org.testing.flipkarttask" tests="1" failures="0" timestamp="16 Mar 2024 16:23:42 GMT" time="5.445" errors="0">
  <testcase name="test1" time="5.445" classname="org.testing.flipkarttask"/>
</testsuite> <!-- org.testing.flipkarttask -->
