<?xml version="1.0" encoding="UTF-8"?>
<!-- Generated by org.testng.reporters.JUnitReportReporter -->
<testsuite skipped="0" hostname="LAPTOP-JPK5SJ4V" name="org.casualtest.Slider" tests="1" failures="0" timestamp="10 Jul 2024 11:39:40 GMT" time="6.248" errors="0">
  <testcase name="sliderr" time="6.248" classname="org.casualtest.Slider"/>
</testsuite> <!-- org.casualtest.Slider -->
