<?xml version="1.0" encoding="UTF-8"?>
<!-- Generated by org.testng.reporters.JUnitReportReporter -->
<testsuite skipped="0" hostname="LAPTOP-JPK5SJ4V" name="org.day3.A" tests="3" failures="0" timestamp="20 Jun 2024 11:13:26 GMT" time="0.007" errors="0">
  <testcase name="test2" time="0.006" classname="org.day3.A"/>
  <testcase name="test3" time="0.001" classname="org.day3.A"/>
  <testcase name="test1" time="0.000" classname="org.day3.A"/>
</testsuite> <!-- org.day3.A -->
