<?xml version="1.0" encoding="UTF-8"?>
<!-- Generated by org.testng.reporters.JUnitReportReporter -->
<testsuite skipped="0" hostname="LAPTOP-JPK5SJ4V" name="org.casualtest.Drag" tests="1" failures="0" timestamp="10 Jul 2024 07:33:29 GMT" time="5.670" errors="0">
  <testcase name="dragg" time="5.670" classname="org.casualtest.Drag"/>
</testsuite> <!-- org.casualtest.Drag -->
