<?xml version="1.0" encoding="UTF-8"?>
<!-- Generated by org.testng.reporters.JUnitReportReporter -->
<testsuite skipped="0" hostname="LAPTOP-JPK5SJ4V" name="org.casualtest.Dropp" tests="1" failures="0" timestamp="10 Jul 2024 07:38:30 GMT" time="5.910" errors="0">
  <testcase name="dropp" time="5.910" classname="org.casualtest.Dropp"/>
</testsuite> <!-- org.casualtest.Dropp -->
