<?xml version="1.0" encoding="UTF-8"?>
<!-- Generated by org.testng.reporters.JUnitReportReporter -->
<testsuite skipped="0" hostname="LAPTOP-JPK5SJ4V" name="org.casualtest.screenshot" tests="1" failures="0" timestamp="16 Jul 2024 13:23:34 GMT" time="5.164" errors="0">
  <testcase name="screens" time="5.164" classname="org.casualtest.screenshot"/>
</testsuite> <!-- org.casualtest.screenshot -->
