<?xml version="1.0" encoding="UTF-8"?>
<!-- Generated by org.testng.reporters.JUnitReportReporter -->
<testsuite skipped="0" hostname="LAPTOP-JPK5SJ4V" name="org.day6.A" tests="5" failures="0" timestamp="28 Apr 2024 15:53:31 GMT" time="0.060" errors="0">
  <testcase name="test2" time="0.012" classname="org.day6.A"/>
  <testcase name="test3" time="0.012" classname="org.day6.A"/>
  <testcase name="test4" time="0.012" classname="org.day6.A"/>
  <testcase name="test5" time="0.012" classname="org.day6.A"/>
  <testcase name="test1" time="0.012" classname="org.day6.A"/>
</testsuite> <!-- org.day6.A -->
