<?xml version="1.0" encoding="UTF-8"?>
<!-- Generated by org.testng.reporters.JUnitReportReporter -->
<testsuite skipped="0" hostname="LAPTOP-JPK5SJ4V" name="org.casualtest.casualcode" tests="1" failures="0" timestamp="28 Jun 2024 11:49:30 GMT" time="9.419" errors="0">
  <testcase name="test" time="9.419" classname="org.casualtest.casualcode"/>
</testsuite> <!-- org.casualtest.casualcode -->
