<?xml version="1.0" encoding="UTF-8"?>
<!-- Generated by org.testng.reporters.JUnitReportReporter -->
<testsuite skipped="0" hostname="LAPTOP-JPK5SJ4V" name="org.day3.B" tests="3" failures="0" timestamp="20 Jun 2024 11:13:26 GMT" time="0.002" errors="0">
  <testcase name="test1" time="0.002" classname="org.day3.B"/>
  <testcase name="test2" time="0.000" classname="org.day3.B"/>
  <testcase name="test3" time="0.000" classname="org.day3.B"/>
</testsuite> <!-- org.day3.B -->
