<?xml version="1.0" encoding="UTF-8"?>
<!-- Generated by org.testng.reporters.JUnitReportReporter -->
<testsuite skipped="0" hostname="LAPTOP-JPK5SJ4V" name="org.day4.day4code" tests="8" failures="0" timestamp="19 Jun 2024 12:43:52 GMT" time="45.488" errors="0">
  <testcase name="test1" time="5.246" classname="org.day4.day4code"/>
  <testcase name="test2" time="4.928" classname="org.day4.day4code"/>
  <testcase name="test2" time="7.683" classname="org.day4.day4code"/>
  <testcase name="test2" time="5.460" classname="org.day4.day4code"/>
  <testcase name="test2" time="4.949" classname="org.day4.day4code"/>
  <testcase name="test1" time="5.390" classname="org.day4.day4code"/>
  <testcase name="test2" time="5.262" classname="org.day4.day4code"/>
  <testcase name="test2" time="6.570" classname="org.day4.day4code"/>
</testsuite> <!-- org.day4.day4code -->
