<?xml version="1.0" encoding="UTF-8"?>
<!-- Generated by org.testng.reporters.JUnitReportReporter -->
<testsuite skipped="0" hostname="LAPTOP-JPK5SJ4V" name="org.casualtest.select" tests="1" failures="0" timestamp="29 Jun 2024 06:48:11 GMT" time="7.636" errors="0">
  <testcase name="selecttt" time="7.636" classname="org.casualtest.select"/>
</testsuite> <!-- org.casualtest.select -->
