<?xml version="1.0" encoding="UTF-8"?>
<!-- Generated by org.testng.reporters.JUnitReportReporter -->
<testsuite skipped="0" hostname="LAPTOP-JPK5SJ4V" name="org.casualtest.Interview" tests="1" failures="0" timestamp="04 Jul 2024 08:59:58 GMT" time="12.350" errors="0">
  <testcase name="interview" time="12.350" classname="org.casualtest.Interview"/>
</testsuite> <!-- org.casualtest.Interview -->
