<?xml version="1.0" encoding="UTF-8"?>
<!-- Generated by org.testng.reporters.JUnitReportReporter -->
<testsuite skipped="0" hostname="LAPTOP-JPK5SJ4V" name="org.testing.sample" tests="11" failures="0" timestamp="20 Feb 2024 15:45:58 GMT" time="0.017" errors="0">
  <testcase name="test1" time="0.001" classname="org.testing.sample"/>
  <testcase name="test1" time="0.001" classname="org.testing.sample"/>
  <testcase name="test1" time="0.000" classname="org.testing.sample"/>
  <testcase name="test1" time="0.002" classname="org.testing.sample"/>
  <testcase name="test1" time="0.001" classname="org.testing.sample"/>
  <testcase name="test2" time="0.001" classname="org.testing.sample"/>
  <testcase name="test1" time="0.001" classname="org.testing.sample"/>
  <testcase name="test1" time="0.001" classname="org.testing.sample"/>
  <testcase name="test1" time="0.001" classname="org.testing.sample"/>
  <testcase name="test1" time="0.001" classname="org.testing.sample"/>
  <testcase name="test1" time="0.007" classname="org.testing.sample"/>
</testsuite> <!-- org.testing.sample -->
