<?xml version="1.0" encoding="UTF-8"?>
<!-- Generated by org.testng.reporters.JUnitReportReporter -->
<testsuite skipped="0" hostname="LAPTOP-JPK5SJ4V" name="org.casualtest.Alertt" tests="1" failures="0" timestamp="29 Jun 2024 07:56:43 GMT" time="11.052" errors="0">
  <testcase name="Alert" time="11.052" classname="org.casualtest.Alertt"/>
</testsuite> <!-- org.casualtest.Alertt -->
