<?xml version="1.0" encoding="UTF-8"?>
<!-- Generated by org.testng.reporters.JUnitReportReporter -->
<testsuite skipped="0" hostname="LAPTOP-JPK5SJ4V" name="org.casualtest.waitss" tests="1" failures="0" timestamp="10 Jul 2024 12:27:05 GMT" time="11.059" errors="0">
  <testcase name="waitssss" time="11.059" classname="org.casualtest.waitss"/>
</testsuite> <!-- org.casualtest.waitss -->
