<?xml version="1.0" encoding="UTF-8"?>
<!-- Generated by org.testng.reporters.JUnitReportReporter -->
<testsuite skipped="0" hostname="LAPTOP-JPK5SJ4V" name="org.casualtest.Selectable" tests="1" failures="0" timestamp="10 Jul 2024 10:46:27 GMT" time="9.085" errors="0">
  <testcase name="selectable" time="9.085" classname="org.casualtest.Selectable"/>
</testsuite> <!-- org.casualtest.Selectable -->
