<?xml version="1.0" encoding="UTF-8"?>
<!-- Generated by org.testng.reporters.JUnitReportReporter -->
<testsuite skipped="0" hostname="LAPTOP-JPK5SJ4V" name="org.day6.B" tests="5" failures="0" timestamp="28 Apr 2024 15:53:31 GMT" time="0.017" errors="0">
  <testcase name="test5" time="0.005" classname="org.day6.B"/>
  <testcase name="test2" time="0.003" classname="org.day6.B"/>
  <testcase name="test3" time="0.003" classname="org.day6.B"/>
  <testcase name="test1" time="0.005" classname="org.day6.B"/>
  <testcase name="test4" time="0.001" classname="org.day6.B"/>
</testsuite> <!-- org.day6.B -->
